<?xml version="1.0" encoding="UTF-8"?>
<!-- Generated by org.testng.reporters.JUnitXMLReporter -->
<testsuite ignored="0" hostname="Sairams-MacBook-Air.local" failures="0" tests="5" name="Command line test" time="0.003" errors="0" timestamp="2025-07-20T19:34:06 IST">
  <testcase classname="GoogleTest" name="highPriority" time="0.0"/>
  <testcase classname="GoogleTest" name="highPriority" time="0.001"/>
  <testcase classname="GoogleTest" name="testGoogleTitle" time="0.0"/>
  <testcase classname="GoogleTest" name="testGoogleTitle" time="0.0"/>
  <testcase classname="SampleTest" name="sample" time="0.0"/>
</testsuite> <!-- Command line test -->
