<?xml version="1.0" encoding="UTF-8"?>
<testng-results ignored="0" total="5" passed="5" failed="0" skipped="0">
  <reporter-output>
  </reporter-output>
  <suite started-at="2025-07-20T19:34:06 IST" name="Command line suite" finished-at="2025-07-20T19:34:06 IST" duration-ms="3">
    <groups>
    </groups>
    <test started-at="2025-07-20T19:34:06 IST" name="Command line test" finished-at="2025-07-20T19:34:06 IST" duration-ms="3">
      <class name="SampleTest">
        <test-method signature="sample()[pri:-1, instance:SampleTest@7714e963]" started-at="2025-07-20T19:34:06 IST" name="sample" finished-at="2025-07-20T19:34:06 IST" duration-ms="0" status="PASS">
          <reporter-output>
          </reporter-output>
        </test-method> <!-- sample -->
      </class> <!-- SampleTest -->
      <class name="GoogleTest">
        <test-method signature="highPriority()[pri:-1, instance:GoogleTest@1dde4cb2]" started-at="2025-07-20T19:34:06 IST" name="highPriority" finished-at="2025-07-20T19:34:06 IST" duration-ms="0" status="PASS">
          <reporter-output>
          </reporter-output>
        </test-method> <!-- highPriority -->
        <test-method signature="highPriority()[pri:-1, instance:GoogleTest@1dde4cb2]" started-at="2025-07-20T19:34:06 IST" name="highPriority" finished-at="2025-07-20T19:34:06 IST" duration-ms="1" status="PASS">
          <reporter-output>
          </reporter-output>
        </test-method> <!-- highPriority -->
        <test-method is-config="true" signature="setUp()[pri:0, instance:GoogleTest@1dde4cb2]" started-at="2025-07-20T19:34:06 IST" name="setUp" finished-at="2025-07-20T19:34:06 IST" duration-ms="0" status="PASS">
          <reporter-output>
          </reporter-output>
        </test-method> <!-- setUp -->
        <test-method signature="testGoogleTitle()[pri:0, instance:GoogleTest@1dde4cb2]" started-at="2025-07-20T19:34:06 IST" name="testGoogleTitle" finished-at="2025-07-20T19:34:06 IST" duration-ms="0" status="PASS">
          <reporter-output>
          </reporter-output>
        </test-method> <!-- testGoogleTitle -->
        <test-method signature="testGoogleTitle()[pri:0, instance:GoogleTest@1dde4cb2]" started-at="2025-07-20T19:34:06 IST" name="testGoogleTitle" finished-at="2025-07-20T19:34:06 IST" duration-ms="0" status="PASS">
          <reporter-output>
          </reporter-output>
        </test-method> <!-- testGoogleTitle -->
        <test-method is-config="true" signature="tearDown()[pri:0, instance:GoogleTest@1dde4cb2]" started-at="2025-07-20T19:34:06 IST" name="tearDown" finished-at="2025-07-20T19:34:06 IST" duration-ms="1" status="PASS">
          <reporter-output>
          </reporter-output>
        </test-method> <!-- tearDown -->
      </class> <!-- GoogleTest -->
    </test> <!-- Command line test -->
  </suite> <!-- Command line suite -->
</testng-results>
